<?xml version="1.0" encoding="UTF-8"?>
<testng-results skipped="0" failed="1" ignored="0" total="1" passed="0">
  <reporter-output>
    <line>
      <![CDATA[Browser  Launched Sucessfully]]>
    </line>
    <line>
      <![CDATA[Application Loaded]]>
    </line>
  </reporter-output>
  <suite name="Default suite" duration-ms="22509" started-at="2020-06-25T05:56:53Z" finished-at="2020-06-25T05:57:15Z">
    <groups>
    </groups>
    <test name="Default test" duration-ms="22509" started-at="2020-06-25T05:56:53Z" finished-at="2020-06-25T05:57:15Z">
      <class name="com.tyss.projectframework.scripts.LoginTest">
        <test-method status="PASS" signature="setUp(org.testng.ITestContext)[pri:0, instance:com.tyss.projectframework.scripts.LoginTest@18be83e4]" name="setUp" is-config="true" duration-ms="17530" started-at="2020-06-25T11:26:53Z" finished-at="2020-06-25T11:27:10Z">
          <params>
            <param index="0">
              <value>
                <![CDATA[org.testng.TestRunner@5dafbe45]]>
              </value>
            </param>
          </params>
          <reporter-output>
            <line>
              <![CDATA[Browser  Launched Sucessfully]]>
            </line>
            <line>
              <![CDATA[Application Loaded]]>
            </line>
          </reporter-output>
        </test-method> <!-- setUp -->
        <test-method status="FAIL" signature="tc_01()[pri:0, instance:com.tyss.projectframework.scripts.LoginTest@18be83e4]" name="tc_01" duration-ms="371" started-at="2020-06-25T11:27:10Z" finished-at="2020-06-25T11:27:10Z">
          <exception class="java.lang.AssertionError">
            <message>
              <![CDATA[expected [] but found [localhost]]]>
            </message>
            <full-stacktrace>
              <![CDATA[java.lang.AssertionError: expected [] but found [localhost]
	at org.testng.Assert.fail(Assert.java:93)
	at org.testng.Assert.failNotEquals(Assert.java:512)
	at org.testng.Assert.assertEqualsImpl(Assert.java:134)
	at org.testng.Assert.assertEquals(Assert.java:115)
	at org.testng.Assert.assertEquals(Assert.java:189)
	at org.testng.Assert.assertEquals(Assert.java:199)
	at com.tyss.projectframework.scripts.LoginTest.tc_01(LoginTest.java:34)
	at sun.reflect.NativeMethodAccessorImpl.invoke0(Native Method)
	at sun.reflect.NativeMethodAccessorImpl.invoke(NativeMethodAccessorImpl.java:62)
	at sun.reflect.DelegatingMethodAccessorImpl.invoke(DelegatingMethodAccessorImpl.java:43)
	at java.lang.reflect.Method.invoke(Method.java:498)
	at org.testng.internal.MethodInvocationHelper.invokeMethod(MethodInvocationHelper.java:108)
	at org.testng.internal.Invoker.invokeMethod(Invoker.java:661)
	at org.testng.internal.Invoker.invokeTestMethod(Invoker.java:869)
	at org.testng.internal.Invoker.invokeTestMethods(Invoker.java:1193)
	at org.testng.internal.TestMethodWorker.invokeTestMethods(TestMethodWorker.java:126)
	at org.testng.internal.TestMethodWorker.run(TestMethodWorker.java:109)
	at org.testng.TestRunner.privateRun(TestRunner.java:744)
	at org.testng.TestRunner.run(TestRunner.java:602)
	at org.testng.SuiteRunner.runTest(SuiteRunner.java:380)
	at org.testng.SuiteRunner.runSequentially(SuiteRunner.java:375)
	at org.testng.SuiteRunner.privateRun(SuiteRunner.java:340)
	at org.testng.SuiteRunner.run(SuiteRunner.java:289)
	at org.testng.SuiteRunnerWorker.runSuite(SuiteRunnerWorker.java:52)
	at org.testng.SuiteRunnerWorker.run(SuiteRunnerWorker.java:86)
	at org.testng.TestNG.runSuitesSequentially(TestNG.java:1301)
	at org.testng.TestNG.runSuitesLocally(TestNG.java:1226)
	at org.testng.TestNG.runSuites(TestNG.java:1144)
	at org.testng.TestNG.run(TestNG.java:1115)
	at org.testng.remote.AbstractRemoteTestNG.run(AbstractRemoteTestNG.java:132)
	at org.testng.remote.RemoteTestNG.initAndRun(RemoteTestNG.java:230)
	at org.testng.remote.RemoteTestNG.main(RemoteTestNG.java:76)
]]>
            </full-stacktrace>
          </exception> <!-- java.lang.AssertionError -->
          <reporter-output>
          </reporter-output>
        </test-method> <!-- tc_01 -->
        <test-method status="PASS" signature="tearDown()[pri:0, instance:com.tyss.projectframework.scripts.LoginTest@18be83e4]" name="tearDown" is-config="true" duration-ms="4529" started-at="2020-06-25T11:27:10Z" finished-at="2020-06-25T11:27:15Z">
          <reporter-output>
          </reporter-output>
        </test-method> <!-- tearDown -->
      </class> <!-- com.tyss.projectframework.scripts.LoginTest -->
    </test> <!-- Default test -->
  </suite> <!-- Default suite -->
</testng-results>
